#
# A fatal error has been detected by the Java Runtime Environment:
#
#  SIGSEGV (0xb) at pc=0x000000010c803854, pid=68176, tid=9731
#
# JRE version: OpenJDK Runtime Environment (15.0.2+7) (build 15.0.2+7-27)
# Java VM: OpenJDK 64-Bit Server VM (15.0.2+7-27, mixed mode, tiered, compressed oops, g1 gc, bsd-amd64)
# Problematic frame:
# V  [libjvm.dylib+0x3854]  AccessInternal::PostRuntimeDispatch<G1BarrierSet::AccessBarrier<548980ull, G1BarrierSet>, (AccessInternal::BarrierType)2, 548980ull>::oop_access_barrier(void*)+0x4
#
# No core dump will be written. Core dumps have been disabled. To enable core dumping, try "ulimit -c unlimited" before starting Java again
#
# If you would like to submit a bug report, please visit:
#   https://bugreport.java.com/bugreport/crash.jsp
#

---------------  S U M M A R Y ------------

Command Line: -Dfile.encoding=UTF-8 -XX:+ShowCodeDetailsInExceptionMessages org.apache.kafka.common.protocol.types.Type$2

Host: MacBookPro12,1 x86_64 2700 MHz, 4 cores, 8G, Darwin 20.3.0
Time: Thu Feb 18 10:36:00 2021 KST elapsed time: 0.379968 seconds (0d 0h 0m 0s)

---------------  T H R E A D  ---------------

Current thread (0x00007fed9c008a00):  JavaThread "main" [_thread_in_vm, id=9731, stack(0x000070000a42a000,0x000070000a52a000)]

Stack: [0x000070000a42a000,0x000070000a52a000],  sp=0x000070000a529df0,  free space=1023k
Native frames: (J=compiled Java code, A=aot compiled Java code, j=interpreted, Vv=VM code, C=native code)
V  [libjvm.dylib+0x3854]  AccessInternal::PostRuntimeDispatch<G1BarrierSet::AccessBarrier<548980ull, G1BarrierSet>, (AccessInternal::BarrierType)2, 548980ull>::oop_access_barrier(void*)+0x4
V  [libjvm.dylib+0x518281]  jni_GetStringUTFChars+0xd1
C  [libjli.dylib+0x79ed]  PostJVMInit+0xad
C  [libjli.dylib+0x4ed8]  JavaMain+0xbb8
C  [libjli.dylib+0x7659]  ThreadJavaMain+0x9
C  [libsystem_pthread.dylib+0x6950]  _pthread_start+0xe0
C  [libsystem_pthread.dylib+0x247b]  thread_start+0xf


siginfo: si_signo: 11 (SIGSEGV), si_code: 1 (SEGV_MAPERR), si_addr: 0x0000000000000000

Register to memory mapping:

RAX=0x000000010a760000 points into unknown readable memory: 0x0000000000000000 | 00 00 00 00 00 00 00 00
RBX=0x00007fed9c008d28 points into unknown readable memory: 0x000000010d3cff70 | 70 ff 3c 0d 01 00 00 00
RCX=0x000000010d3cff70: jni_NativeInterface+0 in /Users/keumkim/.p2/pool/plugins/org.eclipse.justj.openjdk.hotspot.jre.full.macosx.x86_64_15.0.2.v20210201-0955/jre/lib/server/libjvm.dylib at 0x000000010c800000
RDX=0x0 is NULL
RSP=0x000070000a529df0 is pointing into the stack for thread: 0x00007fed9c008a00
RBP=0x000070000a529df0 is pointing into the stack for thread: 0x00007fed9c008a00
RSI=0x0 is NULL
RDI=0x0 is NULL
R8 ={method} {0x0000000127330de0} 'getCanonicalName' '()Ljava/lang/String;' in 'java/lang/Class'
R9 =0x00007fed9b50d2a0 points into unknown readable memory: 0x0000000127330de0 | e0 0d 33 27 01 00 00 00
R10=0x000000010d44e1c0: _ZN19TemplateInterpreter13_active_tableE+0x4800 in /Users/keumkim/.p2/pool/plugins/org.eclipse.justj.openjdk.hotspot.jre.full.macosx.x86_64_15.0.2.v20210201-0955/jre/lib/server/libjvm.dylib at 0x000000010c800000
R11=0x0 is NULL
R12=0x00007fed9c008a00 is a thread
R13=0x0 is NULL
R14=0x0 is NULL
R15=0x0 is NULL


Registers:
RAX=0x000000010a760000, RBX=0x00007fed9c008d28, RCX=0x000000010d3cff70, RDX=0x0000000000000000
RSP=0x000070000a529df0, RBP=0x000070000a529df0, RSI=0x0000000000000000, RDI=0x0000000000000000
R8 =0x0000000127330de0, R9 =0x00007fed9b50d2a0, R10=0x000000010d44e1c0, R11=0x0000000000000000
R12=0x00007fed9c008a00, R13=0x0000000000000000, R14=0x0000000000000000, R15=0x0000000000000000
RIP=0x000000010c803854, EFLAGS=0x0000000000010246, ERR=0x0000000000000004
  TRAPNO=0x000000000000000e

Top of Stack: (sp=0x000070000a529df0)
0x000070000a529df0:   000070000a529e80 000000010cd18281
0x000070000a529e00:   00007fed9c008a00 0000000000000000
0x000070000a529e10:   000000010a734b92 00007fed9c008a00
0x000070000a529e20:   af5dc38739370097 00007fed9c008d28
0x000070000a529e30:   00007fed9c008a00 0000000000000000
0x000070000a529e40:   00007fed9c008d28 00007fed9c008a00
0x000070000a529e50:   000070000a529e80 00007fed9c008d28
0x000070000a529e60:   00007fed9b50df68 0000000000000000
0x000070000a529e70:   0000000000000000 00007fed9b50df60
0x000070000a529e80:   000070000a529f10 000000010a7309ed
0x000070000a529e90:   00007fed9c008d28 00007fed9c008a00
0x000070000a529ea0:   000070000a529ed0 000000010cd04897
0x000070000a529eb0:   af5dc38739370097 00007fed9b50df48
0x000070000a529ec0:   00007fed9b50df68 0000000000000000
0x000070000a529ed0:   00007fed9c008d28 00007fed9c008a00
0x000070000a529ee0:   000070000a529f10 af5dc38739370097
0x000070000a529ef0:   00007fed9b50df48 00007fed9b50df68
0x000070000a529f00:   00007fed9b50df78 00007fed9b50df60
0x000070000a529f10:   000070000a529fa0 000000010a72ded8
0x000070000a529f20:   0000000000000000 0005bb925b94e246
0x000070000a529f30:   0000000500010002 00007fed9b40b6b0
0x000070000a529f40:   0000000000000000 0000000000000000
0x000070000a529f50:   00007fed9b50cd50 0000000000000001
0x000070000a529f60:   00007fed9b50b5d0 00007fed9c008d28
0x000070000a529f70:   000000010d3cff68 000070000a52a000
0x000070000a529f80:   0000000000000000 0000000000000000
0x000070000a529f90:   0000000000000000 0000000000000000
0x000070000a529fa0:   000070000a529fb0 000000010a730659
0x000070000a529fb0:   000070000a529fd0 00007fff204aa950
0x000070000a529fc0:   0000000000000000 0000000000000000
0x000070000a529fd0:   000070000a529ff0 00007fff204a647b
0x000070000a529fe0:   0000000000000000 0000000000000000 

Instructions: (pc=0x000000010c803854)
0x000000010c803754:   ff 0b 73 0e 48 63 c7 48 8d 0d 2e a9 ae 00 8b 04
0x000000010c803764:   81 c3 55 48 89 e5 48 8d 3d e3 be a6 00 be 9c 00
0x000000010c803774:   00 00 e8 b5 c1 2f 00 e8 20 63 82 00 31 c0 5d c3
0x000000010c803784:   66 66 66 2e 0f 1f 84 00 00 00 00 00 55 48 89 e5
0x000000010c803794:   48 8b 47 08 0f b7 48 32 0f b7 40 30 8d 44 01 19
0x000000010c8037a4:   5d c3 66 2e 0f 1f 84 00 00 00 00 00 55 48 89 e5
0x000000010c8037b4:   53 50 48 89 fb 48 8d 0d 78 c8 c2 00 48 8d 05 59
0x000000010c8037c4:   0f c0 00 48 8b 00 8b 40 10 ff c8 80 39 00 74 10
0x000000010c8037d4:   83 f8 04 73 1f 48 98 48 8d 0d fe 50 b2 00 eb 0e
0x000000010c8037e4:   83 f8 04 73 0f 48 98 48 8d 0d 0e 51 b2 00 48 8b
0x000000010c8037f4:   04 c1 eb 21 48 8d 3d 8c be a6 00 48 8d 15 b5 be
0x000000010c803804:   a6 00 be e8 00 00 00 31 c0 e8 1e bf 2f 00 e8 89
0x000000010c803814:   62 82 00 31 c0 48 89 05 10 8f bc 00 48 89 df 48
0x000000010c803824:   83 c4 08 5b 5d ff e0 0f 1f 44 00 00 55 48 89 e5
0x000000010c803834:   48 8b 07 5d c3 0f 1f 80 00 00 00 00 55 48 89 e5
0x000000010c803844:   48 8b 07 5d c3 0f 1f 80 00 00 00 00 55 48 89 e5
0x000000010c803854:   48 8b 07 5d c3 0f 1f 80 00 00 00 00 55 48 89 e5
0x000000010c803864:   41 57 41 56 53 50 49 89 fe 49 8b 1e 4c 8d 3d c1
0x000000010c803874:   e4 c5 00 49 85 1f 74 3c 48 89 df e8 5c 5c a3 00
0x000000010c803884:   48 89 c1 48 85 c9 74 29 48 89 d8 f0 49 0f b1 0e
0x000000010c803894:   48 89 c2 48 39 da 74 19 0f 1f 40 00 49 85 17 74
0x000000010c8038a4:   10 48 89 d0 f0 49 0f b1 0e 48 39 d0 48 89 c2 75
0x000000010c8038b4:   eb 48 89 cb 48 89 d8 48 83 c4 08 5b 41 5e 41 5f
0x000000010c8038c4:   5d c3 66 2e 0f 1f 84 00 00 00 00 00 55 48 89 e5
0x000000010c8038d4:   48 8b 07 5d c3 0f 1f 80 00 00 00 00 55 48 89 e5
0x000000010c8038e4:   48 8b 07 5d c3 0f 1f 80 00 00 00 00 55 48 89 e5
0x000000010c8038f4:   48 8b 07 5d c3 0f 1f 80 00 00 00 00 55 48 89 e5
0x000000010c803904:   41 57 41 56 53 50 49 89 fe 49 8b 1e 4c 8d 3d 21
0x000000010c803914:   e4 c5 00 49 85 1f 74 3c 48 89 df e8 bc 5b a3 00
0x000000010c803924:   48 89 c1 48 85 c9 74 29 48 89 d8 f0 49 0f b1 0e
0x000000010c803934:   48 89 c2 48 39 da 74 19 0f 1f 40 00 49 85 17 74
0x000000010c803944:   10 48 89 d0 f0 49 0f b1 0e 48 39 d0 48 89 c2 75 


Stack slot to memory mapping:
stack at sp + 0 slots: 0x000070000a529e80 is pointing into the stack for thread: 0x00007fed9c008a00
stack at sp + 1 slots: 0x000000010cd18281: jni_GetStringUTFChars+0xd1 in /Users/keumkim/.p2/pool/plugins/org.eclipse.justj.openjdk.hotspot.jre.full.macosx.x86_64_15.0.2.v20210201-0955/jre/lib/server/libjvm.dylib at 0x000000010c800000
stack at sp + 2 slots: 0x00007fed9c008a00 is a thread
stack at sp + 3 slots: 0x0 is NULL
stack at sp + 4 slots: 0x000000010a734b92: JLI_WildcardExpandClasspath+0x2282 in /Users/keumkim/.p2/pool/plugins/org.eclipse.justj.openjdk.hotspot.jre.full.macosx.x86_64_15.0.2.v20210201-0955/jre/lib/libjli.dylib at 0x000000010a729000
stack at sp + 5 slots: 0x00007fed9c008a00 is a thread
stack at sp + 6 slots: 0xaf5dc38739370097 is an unknown value
stack at sp + 7 slots: 0x00007fed9c008d28 points into unknown readable memory: 0x000000010d3cff70 | 70 ff 3c 0d 01 00 00 00


---------------  P R O C E S S  ---------------

Threads class SMR info:
_java_thread_list=0x00007fed9b538bc0, length=10, elements={
0x00007fed9c008a00, 0x00007fed9c8b7e00, 0x00007fed9c8b8400, 0x00007fed9c012c00,
0x00007fed9c8b9000, 0x00007fed9e009200, 0x00007fed9c8b9600, 0x00007fed9c017a00,
0x00007fed9c04b200, 0x00007fed9c04ac00
}

Java Threads: ( => current thread )
=>0x00007fed9c008a00 JavaThread "main" [_thread_in_vm, id=9731, stack(0x000070000a42a000,0x000070000a52a000)]
  0x00007fed9c8b7e00 JavaThread "Reference Handler" daemon [_thread_blocked, id=17411, stack(0x000070000ab3f000,0x000070000ac3f000)]
  0x00007fed9c8b8400 JavaThread "Finalizer" daemon [_thread_blocked, id=15363, stack(0x000070000ac42000,0x000070000ad42000)]
  0x00007fed9c012c00 JavaThread "Signal Dispatcher" daemon [_thread_blocked, id=42499, stack(0x000070000ae4b000,0x000070000af4b000)]
  0x00007fed9c8b9000 JavaThread "Service Thread" daemon [_thread_blocked, id=41987, stack(0x000070000af4e000,0x000070000b04e000)]
  0x00007fed9e009200 JavaThread "C2 CompilerThread0" daemon [_thread_blocked, id=23299, stack(0x000070000b051000,0x000070000b151000)]
  0x00007fed9c8b9600 JavaThread "C1 CompilerThread0" daemon [_thread_blocked, id=24067, stack(0x000070000b154000,0x000070000b254000)]
  0x00007fed9c017a00 JavaThread "Sweeper thread" daemon [_thread_blocked, id=24323, stack(0x000070000b257000,0x000070000b357000)]
  0x00007fed9c04b200 JavaThread "Notification Thread" daemon [_thread_blocked, id=39683, stack(0x000070000b35a000,0x000070000b45a000)]
  0x00007fed9c04ac00 JavaThread "Common-Cleaner" daemon [_thread_blocked, id=25603, stack(0x000070000b560000,0x000070000b660000)]

Other Threads:
  0x00007fed9b64ea30 VMThread "VM Thread" [stack: 0x000070000aa3c000,0x000070000ab3c000] [id=13827]
  0x00007fed9d415d30 WatcherThread [stack: 0x000070000b45d000,0x000070000b55d000] [id=25091]
  0x00007fed9b612410 GCTaskThread "GC Thread#0" [stack: 0x000070000a52d000,0x000070000a62d000] [id=19459]
  0x00007fed9b613590 ConcurrentGCThread "G1 Main Marker" [stack: 0x000070000a630000,0x000070000a730000] [id=12291]
  0x00007fed9b614660 ConcurrentGCThread "G1 Conc#0" [stack: 0x000070000a733000,0x000070000a833000] [id=13059]
  0x00007fed9b630090 ConcurrentGCThread "G1 Refine#0" [stack: 0x000070000a836000,0x000070000a936000] [id=13315]
  0x00007fed9b631110 ConcurrentGCThread "G1 Young RemSet Sampling" [stack: 0x000070000a939000,0x000070000aa39000] [id=13571]

Threads with active compile tasks:

VM state: not at safepoint (normal execution)

VM Mutex/Monitor currently owned by a thread: None

Heap address: 0x0000000780000000, size: 2048 MB, Compressed Oops mode: Zero based, Oop shift amount: 3
CDS disabled.
Compressed class space mapped at: 0x0000000800000000-0x0000000840000000, size: 1073741824
Narrow klass base: 0x0000000800000000, Narrow klass shift: 0, Narrow klass range: 0x40000000

GC Precious Log:
 CPUs: 4 total, 4 available
 Memory: 8192M
 Large Page Support: Disabled
 NUMA Support: Disabled
 Compressed Oops: Enabled (Zero based)
 Heap Region Size: 1M
 Heap Min Capacity: 8M
 Heap Initial Capacity: 128M
 Heap Max Capacity: 2G
 Pre-touch: Disabled
 Parallel Workers: 4
 Concurrent Workers: 1
 Concurrent Refinement Workers: 4
 Periodic GC: Disabled

Heap:
 garbage-first heap   total 131072K, used 6144K [0x0000000780000000, 0x0000000800000000)
  region size 1024K, 7 young (7168K), 0 survivors (0K)
 Metaspace       used 4872K, capacity 4976K, committed 5120K, reserved 1056768K
  class space    used 409K, capacity 464K, committed 512K, reserved 1048576K

Heap Regions: E=young(eden), S=young(survivor), O=old, HS=humongous(starts), HC=humongous(continues), CS=collection set, F=free, OA=open archive, CA=closed archive, TAMS=top-at-mark-start (previous, next)
|   0|0x0000000780000000, 0x0000000780100000, 0x0000000780100000|100%|HS|  |TAMS 0x0000000780000000, 0x0000000780000000| Complete 
|   1|0x0000000780100000, 0x0000000780100000, 0x0000000780200000|  0%| F|  |TAMS 0x0000000780100000, 0x0000000780100000| Untracked 
|   2|0x0000000780200000, 0x0000000780200000, 0x0000000780300000|  0%| F|  |TAMS 0x0000000780200000, 0x0000000780200000| Untracked 
|   3|0x0000000780300000, 0x0000000780300000, 0x0000000780400000|  0%| F|  |TAMS 0x0000000780300000, 0x0000000780300000| Untracked 
|   4|0x0000000780400000, 0x0000000780400000, 0x0000000780500000|  0%| F|  |TAMS 0x0000000780400000, 0x0000000780400000| Untracked 
|   5|0x0000000780500000, 0x0000000780500000, 0x0000000780600000|  0%| F|  |TAMS 0x0000000780500000, 0x0000000780500000| Untracked 
|   6|0x0000000780600000, 0x0000000780600000, 0x0000000780700000|  0%| F|  |TAMS 0x0000000780600000, 0x0000000780600000| Untracked 
|   7|0x0000000780700000, 0x0000000780700000, 0x0000000780800000|  0%| F|  |TAMS 0x0000000780700000, 0x0000000780700000| Untracked 
|   8|0x0000000780800000, 0x0000000780800000, 0x0000000780900000|  0%| F|  |TAMS 0x0000000780800000, 0x0000000780800000| Untracked 
|   9|0x0000000780900000, 0x0000000780900000, 0x0000000780a00000|  0%| F|  |TAMS 0x0000000780900000, 0x0000000780900000| Untracked 
|  10|0x0000000780a00000, 0x0000000780a00000, 0x0000000780b00000|  0%| F|  |TAMS 0x0000000780a00000, 0x0000000780a00000| Untracked 
|  11|0x0000000780b00000, 0x0000000780b00000, 0x0000000780c00000|  0%| F|  |TAMS 0x0000000780b00000, 0x0000000780b00000| Untracked 
|  12|0x0000000780c00000, 0x0000000780c00000, 0x0000000780d00000|  0%| F|  |TAMS 0x0000000780c00000, 0x0000000780c00000| Untracked 
|  13|0x0000000780d00000, 0x0000000780d00000, 0x0000000780e00000|  0%| F|  |TAMS 0x0000000780d00000, 0x0000000780d00000| Untracked 
|  14|0x0000000780e00000, 0x0000000780e00000, 0x0000000780f00000|  0%| F|  |TAMS 0x0000000780e00000, 0x0000000780e00000| Untracked 
|  15|0x0000000780f00000, 0x0000000780f00000, 0x0000000781000000|  0%| F|  |TAMS 0x0000000780f00000, 0x0000000780f00000| Untracked 
|  16|0x0000000781000000, 0x0000000781000000, 0x0000000781100000|  0%| F|  |TAMS 0x0000000781000000, 0x0000000781000000| Untracked 
|  17|0x0000000781100000, 0x0000000781100000, 0x0000000781200000|  0%| F|  |TAMS 0x0000000781100000, 0x0000000781100000| Untracked 
|  18|0x0000000781200000, 0x0000000781200000, 0x0000000781300000|  0%| F|  |TAMS 0x0000000781200000, 0x0000000781200000| Untracked 
|  19|0x0000000781300000, 0x0000000781300000, 0x0000000781400000|  0%| F|  |TAMS 0x0000000781300000, 0x0000000781300000| Untracked 
|  20|0x0000000781400000, 0x0000000781400000, 0x0000000781500000|  0%| F|  |TAMS 0x0000000781400000, 0x0000000781400000| Untracked 
|  21|0x0000000781500000, 0x0000000781500000, 0x0000000781600000|  0%| F|  |TAMS 0x0000000781500000, 0x0000000781500000| Untracked 
|  22|0x0000000781600000, 0x0000000781600000, 0x0000000781700000|  0%| F|  |TAMS 0x0000000781600000, 0x0000000781600000| Untracked 
|  23|0x0000000781700000, 0x0000000781700000, 0x0000000781800000|  0%| F|  |TAMS 0x0000000781700000, 0x0000000781700000| Untracked 
|  24|0x0000000781800000, 0x0000000781800000, 0x0000000781900000|  0%| F|  |TAMS 0x0000000781800000, 0x0000000781800000| Untracked 
|  25|0x0000000781900000, 0x0000000781900000, 0x0000000781a00000|  0%| F|  |TAMS 0x0000000781900000, 0x0000000781900000| Untracked 
|  26|0x0000000781a00000, 0x0000000781a00000, 0x0000000781b00000|  0%| F|  |TAMS 0x0000000781a00000, 0x0000000781a00000| Untracked 
|  27|0x0000000781b00000, 0x0000000781b00000, 0x0000000781c00000|  0%| F|  |TAMS 0x0000000781b00000, 0x0000000781b00000| Untracked 
|  28|0x0000000781c00000, 0x0000000781c00000, 0x0000000781d00000|  0%| F|  |TAMS 0x0000000781c00000, 0x0000000781c00000| Untracked 
|  29|0x0000000781d00000, 0x0000000781d00000, 0x0000000781e00000|  0%| F|  |TAMS 0x0000000781d00000, 0x0000000781d00000| Untracked 
|  30|0x0000000781e00000, 0x0000000781e00000, 0x0000000781f00000|  0%| F|  |TAMS 0x0000000781e00000, 0x0000000781e00000| Untracked 
|  31|0x0000000781f00000, 0x0000000781f00000, 0x0000000782000000|  0%| F|  |TAMS 0x0000000781f00000, 0x0000000781f00000| Untracked 
|  32|0x0000000782000000, 0x0000000782000000, 0x0000000782100000|  0%| F|  |TAMS 0x0000000782000000, 0x0000000782000000| Untracked 
|  33|0x0000000782100000, 0x0000000782100000, 0x0000000782200000|  0%| F|  |TAMS 0x0000000782100000, 0x0000000782100000| Untracked 
|  34|0x0000000782200000, 0x0000000782200000, 0x0000000782300000|  0%| F|  |TAMS 0x0000000782200000, 0x0000000782200000| Untracked 
|  35|0x0000000782300000, 0x0000000782300000, 0x0000000782400000|  0%| F|  |TAMS 0x0000000782300000, 0x0000000782300000| Untracked 
|  36|0x0000000782400000, 0x0000000782400000, 0x0000000782500000|  0%| F|  |TAMS 0x0000000782400000, 0x0000000782400000| Untracked 
|  37|0x0000000782500000, 0x0000000782500000, 0x0000000782600000|  0%| F|  |TAMS 0x0000000782500000, 0x0000000782500000| Untracked 
|  38|0x0000000782600000, 0x0000000782600000, 0x0000000782700000|  0%| F|  |TAMS 0x0000000782600000, 0x0000000782600000| Untracked 
|  39|0x0000000782700000, 0x0000000782700000, 0x0000000782800000|  0%| F|  |TAMS 0x0000000782700000, 0x0000000782700000| Untracked 
|  40|0x0000000782800000, 0x0000000782800000, 0x0000000782900000|  0%| F|  |TAMS 0x0000000782800000, 0x0000000782800000| Untracked 
|  41|0x0000000782900000, 0x0000000782900000, 0x0000000782a00000|  0%| F|  |TAMS 0x0000000782900000, 0x0000000782900000| Untracked 
|  42|0x0000000782a00000, 0x0000000782a00000, 0x0000000782b00000|  0%| F|  |TAMS 0x0000000782a00000, 0x0000000782a00000| Untracked 
|  43|0x0000000782b00000, 0x0000000782b00000, 0x0000000782c00000|  0%| F|  |TAMS 0x0000000782b00000, 0x0000000782b00000| Untracked 
|  44|0x0000000782c00000, 0x0000000782c00000, 0x0000000782d00000|  0%| F|  |TAMS 0x0000000782c00000, 0x0000000782c00000| Untracked 
|  45|0x0000000782d00000, 0x0000000782d00000, 0x0000000782e00000|  0%| F|  |TAMS 0x0000000782d00000, 0x0000000782d00000| Untracked 
|  46|0x0000000782e00000, 0x0000000782e00000, 0x0000000782f00000|  0%| F|  |TAMS 0x0000000782e00000, 0x0000000782e00000| Untracked 
|  47|0x0000000782f00000, 0x0000000782f00000, 0x0000000783000000|  0%| F|  |TAMS 0x0000000782f00000, 0x0000000782f00000| Untracked 
|  48|0x0000000783000000, 0x0000000783000000, 0x0000000783100000|  0%| F|  |TAMS 0x0000000783000000, 0x0000000783000000| Untracked 
|  49|0x0000000783100000, 0x0000000783100000, 0x0000000783200000|  0%| F|  |TAMS 0x0000000783100000, 0x0000000783100000| Untracked 
|  50|0x0000000783200000, 0x0000000783200000, 0x0000000783300000|  0%| F|  |TAMS 0x0000000783200000, 0x0000000783200000| Untracked 
|  51|0x0000000783300000, 0x0000000783300000, 0x0000000783400000|  0%| F|  |TAMS 0x0000000783300000, 0x0000000783300000| Untracked 
|  52|0x0000000783400000, 0x0000000783400000, 0x0000000783500000|  0%| F|  |TAMS 0x0000000783400000, 0x0000000783400000| Untracked 
|  53|0x0000000783500000, 0x0000000783500000, 0x0000000783600000|  0%| F|  |TAMS 0x0000000783500000, 0x0000000783500000| Untracked 
|  54|0x0000000783600000, 0x0000000783600000, 0x0000000783700000|  0%| F|  |TAMS 0x0000000783600000, 0x0000000783600000| Untracked 
|  55|0x0000000783700000, 0x0000000783700000, 0x0000000783800000|  0%| F|  |TAMS 0x0000000783700000, 0x0000000783700000| Untracked 
|  56|0x0000000783800000, 0x0000000783800000, 0x0000000783900000|  0%| F|  |TAMS 0x0000000783800000, 0x0000000783800000| Untracked 
|  57|0x0000000783900000, 0x0000000783900000, 0x0000000783a00000|  0%| F|  |TAMS 0x0000000783900000, 0x0000000783900000| Untracked 
|  58|0x0000000783a00000, 0x0000000783a00000, 0x0000000783b00000|  0%| F|  |TAMS 0x0000000783a00000, 0x0000000783a00000| Untracked 
|  59|0x0000000783b00000, 0x0000000783b00000, 0x0000000783c00000|  0%| F|  |TAMS 0x0000000783b00000, 0x0000000783b00000| Untracked 
|  60|0x0000000783c00000, 0x0000000783c00000, 0x0000000783d00000|  0%| F|  |TAMS 0x0000000783c00000, 0x0000000783c00000| Untracked 
|  61|0x0000000783d00000, 0x0000000783d00000, 0x0000000783e00000|  0%| F|  |TAMS 0x0000000783d00000, 0x0000000783d00000| Untracked 
|  62|0x0000000783e00000, 0x0000000783e00000, 0x0000000783f00000|  0%| F|  |TAMS 0x0000000783e00000, 0x0000000783e00000| Untracked 
|  63|0x0000000783f00000, 0x0000000783f00000, 0x0000000784000000|  0%| F|  |TAMS 0x0000000783f00000, 0x0000000783f00000| Untracked 
|  64|0x0000000784000000, 0x0000000784000000, 0x0000000784100000|  0%| F|  |TAMS 0x0000000784000000, 0x0000000784000000| Untracked 
|  65|0x0000000784100000, 0x0000000784100000, 0x0000000784200000|  0%| F|  |TAMS 0x0000000784100000, 0x0000000784100000| Untracked 
|  66|0x0000000784200000, 0x0000000784200000, 0x0000000784300000|  0%| F|  |TAMS 0x0000000784200000, 0x0000000784200000| Untracked 
|  67|0x0000000784300000, 0x0000000784300000, 0x0000000784400000|  0%| F|  |TAMS 0x0000000784300000, 0x0000000784300000| Untracked 
|  68|0x0000000784400000, 0x0000000784400000, 0x0000000784500000|  0%| F|  |TAMS 0x0000000784400000, 0x0000000784400000| Untracked 
|  69|0x0000000784500000, 0x0000000784500000, 0x0000000784600000|  0%| F|  |TAMS 0x0000000784500000, 0x0000000784500000| Untracked 
|  70|0x0000000784600000, 0x0000000784600000, 0x0000000784700000|  0%| F|  |TAMS 0x0000000784600000, 0x0000000784600000| Untracked 
|  71|0x0000000784700000, 0x0000000784700000, 0x0000000784800000|  0%| F|  |TAMS 0x0000000784700000, 0x0000000784700000| Untracked 
|  72|0x0000000784800000, 0x0000000784800000, 0x0000000784900000|  0%| F|  |TAMS 0x0000000784800000, 0x0000000784800000| Untracked 
|  73|0x0000000784900000, 0x0000000784900000, 0x0000000784a00000|  0%| F|  |TAMS 0x0000000784900000, 0x0000000784900000| Untracked 
|  74|0x0000000784a00000, 0x0000000784a00000, 0x0000000784b00000|  0%| F|  |TAMS 0x0000000784a00000, 0x0000000784a00000| Untracked 
|  75|0x0000000784b00000, 0x0000000784b00000, 0x0000000784c00000|  0%| F|  |TAMS 0x0000000784b00000, 0x0000000784b00000| Untracked 
|  76|0x0000000784c00000, 0x0000000784c00000, 0x0000000784d00000|  0%| F|  |TAMS 0x0000000784c00000, 0x0000000784c00000| Untracked 
|  77|0x0000000784d00000, 0x0000000784d00000, 0x0000000784e00000|  0%| F|  |TAMS 0x0000000784d00000, 0x0000000784d00000| Untracked 
|  78|0x0000000784e00000, 0x0000000784e00000, 0x0000000784f00000|  0%| F|  |TAMS 0x0000000784e00000, 0x0000000784e00000| Untracked 
|  79|0x0000000784f00000, 0x0000000784f00000, 0x0000000785000000|  0%| F|  |TAMS 0x0000000784f00000, 0x0000000784f00000| Untracked 
|  80|0x0000000785000000, 0x0000000785000000, 0x0000000785100000|  0%| F|  |TAMS 0x0000000785000000, 0x0000000785000000| Untracked 
|  81|0x0000000785100000, 0x0000000785100000, 0x0000000785200000|  0%| F|  |TAMS 0x0000000785100000, 0x0000000785100000| Untracked 
|  82|0x0000000785200000, 0x0000000785200000, 0x0000000785300000|  0%| F|  |TAMS 0x0000000785200000, 0x0000000785200000| Untracked 
|  83|0x0000000785300000, 0x0000000785300000, 0x0000000785400000|  0%| F|  |TAMS 0x0000000785300000, 0x0000000785300000| Untracked 
|  84|0x0000000785400000, 0x0000000785400000, 0x0000000785500000|  0%| F|  |TAMS 0x0000000785400000, 0x0000000785400000| Untracked 
|  85|0x0000000785500000, 0x0000000785500000, 0x0000000785600000|  0%| F|  |TAMS 0x0000000785500000, 0x0000000785500000| Untracked 
|  86|0x0000000785600000, 0x0000000785600000, 0x0000000785700000|  0%| F|  |TAMS 0x0000000785600000, 0x0000000785600000| Untracked 
|  87|0x0000000785700000, 0x0000000785700000, 0x0000000785800000|  0%| F|  |TAMS 0x0000000785700000, 0x0000000785700000| Untracked 
|  88|0x0000000785800000, 0x0000000785800000, 0x0000000785900000|  0%| F|  |TAMS 0x0000000785800000, 0x0000000785800000| Untracked 
|  89|0x0000000785900000, 0x0000000785900000, 0x0000000785a00000|  0%| F|  |TAMS 0x0000000785900000, 0x0000000785900000| Untracked 
|  90|0x0000000785a00000, 0x0000000785a00000, 0x0000000785b00000|  0%| F|  |TAMS 0x0000000785a00000, 0x0000000785a00000| Untracked 
|  91|0x0000000785b00000, 0x0000000785b00000, 0x0000000785c00000|  0%| F|  |TAMS 0x0000000785b00000, 0x0000000785b00000| Untracked 
|  92|0x0000000785c00000, 0x0000000785c00000, 0x0000000785d00000|  0%| F|  |TAMS 0x0000000785c00000, 0x0000000785c00000| Untracked 
|  93|0x0000000785d00000, 0x0000000785d00000, 0x0000000785e00000|  0%| F|  |TAMS 0x0000000785d00000, 0x0000000785d00000| Untracked 
|  94|0x0000000785e00000, 0x0000000785e00000, 0x0000000785f00000|  0%| F|  |TAMS 0x0000000785e00000, 0x0000000785e00000| Untracked 
|  95|0x0000000785f00000, 0x0000000785f00000, 0x0000000786000000|  0%| F|  |TAMS 0x0000000785f00000, 0x0000000785f00000| Untracked 
|  96|0x0000000786000000, 0x0000000786000000, 0x0000000786100000|  0%| F|  |TAMS 0x0000000786000000, 0x0000000786000000| Untracked 
|  97|0x0000000786100000, 0x0000000786100000, 0x0000000786200000|  0%| F|  |TAMS 0x0000000786100000, 0x0000000786100000| Untracked 
|  98|0x0000000786200000, 0x0000000786200000, 0x0000000786300000|  0%| F|  |TAMS 0x0000000786200000, 0x0000000786200000| Untracked 
|  99|0x0000000786300000, 0x0000000786300000, 0x0000000786400000|  0%| F|  |TAMS 0x0000000786300000, 0x0000000786300000| Untracked 
| 100|0x0000000786400000, 0x0000000786400000, 0x0000000786500000|  0%| F|  |TAMS 0x0000000786400000, 0x0000000786400000| Untracked 
| 101|0x0000000786500000, 0x0000000786500000, 0x0000000786600000|  0%| F|  |TAMS 0x0000000786500000, 0x0000000786500000| Untracked 
| 102|0x0000000786600000, 0x0000000786600000, 0x0000000786700000|  0%| F|  |TAMS 0x0000000786600000, 0x0000000786600000| Untracked 
| 103|0x0000000786700000, 0x0000000786700000, 0x0000000786800000|  0%| F|  |TAMS 0x0000000786700000, 0x0000000786700000| Untracked 
| 104|0x0000000786800000, 0x0000000786800000, 0x0000000786900000|  0%| F|  |TAMS 0x0000000786800000, 0x0000000786800000| Untracked 
| 105|0x0000000786900000, 0x0000000786900000, 0x0000000786a00000|  0%| F|  |TAMS 0x0000000786900000, 0x0000000786900000| Untracked 
| 106|0x0000000786a00000, 0x0000000786a00000, 0x0000000786b00000|  0%| F|  |TAMS 0x0000000786a00000, 0x0000000786a00000| Untracked 
| 107|0x0000000786b00000, 0x0000000786b00000, 0x0000000786c00000|  0%| F|  |TAMS 0x0000000786b00000, 0x0000000786b00000| Untracked 
| 108|0x0000000786c00000, 0x0000000786c00000, 0x0000000786d00000|  0%| F|  |TAMS 0x0000000786c00000, 0x0000000786c00000| Untracked 
| 109|0x0000000786d00000, 0x0000000786d00000, 0x0000000786e00000|  0%| F|  |TAMS 0x0000000786d00000, 0x0000000786d00000| Untracked 
| 110|0x0000000786e00000, 0x0000000786e00000, 0x0000000786f00000|  0%| F|  |TAMS 0x0000000786e00000, 0x0000000786e00000| Untracked 
| 111|0x0000000786f00000, 0x0000000786f00000, 0x0000000787000000|  0%| F|  |TAMS 0x0000000786f00000, 0x0000000786f00000| Untracked 
| 112|0x0000000787000000, 0x0000000787000000, 0x0000000787100000|  0%| F|  |TAMS 0x0000000787000000, 0x0000000787000000| Untracked 
| 113|0x0000000787100000, 0x0000000787100000, 0x0000000787200000|  0%| F|  |TAMS 0x0000000787100000, 0x0000000787100000| Untracked 
| 114|0x0000000787200000, 0x0000000787200000, 0x0000000787300000|  0%| F|  |TAMS 0x0000000787200000, 0x0000000787200000| Untracked 
| 115|0x0000000787300000, 0x0000000787300000, 0x0000000787400000|  0%| F|  |TAMS 0x0000000787300000, 0x0000000787300000| Untracked 
| 116|0x0000000787400000, 0x0000000787400000, 0x0000000787500000|  0%| F|  |TAMS 0x0000000787400000, 0x0000000787400000| Untracked 
| 117|0x0000000787500000, 0x0000000787500000, 0x0000000787600000|  0%| F|  |TAMS 0x0000000787500000, 0x0000000787500000| Untracked 
| 118|0x0000000787600000, 0x0000000787600000, 0x0000000787700000|  0%| F|  |TAMS 0x0000000787600000, 0x0000000787600000| Untracked 
| 119|0x0000000787700000, 0x0000000787700000, 0x0000000787800000|  0%| F|  |TAMS 0x0000000787700000, 0x0000000787700000| Untracked 
| 120|0x0000000787800000, 0x0000000787800000, 0x0000000787900000|  0%| F|  |TAMS 0x0000000787800000, 0x0000000787800000| Untracked 
| 121|0x0000000787900000, 0x00000007879ff570, 0x0000000787a00000| 99%| E|  |TAMS 0x0000000787900000, 0x0000000787900000| Complete 
| 122|0x0000000787a00000, 0x0000000787b00000, 0x0000000787b00000|100%| E|  |TAMS 0x0000000787a00000, 0x0000000787a00000| Complete 
| 123|0x0000000787b00000, 0x0000000787c00000, 0x0000000787c00000|100%| E|CS|TAMS 0x0000000787b00000, 0x0000000787b00000| Complete 
| 124|0x0000000787c00000, 0x0000000787d00000, 0x0000000787d00000|100%| E|CS|TAMS 0x0000000787c00000, 0x0000000787c00000| Complete 
| 125|0x0000000787d00000, 0x0000000787e00000, 0x0000000787e00000|100%| E|CS|TAMS 0x0000000787d00000, 0x0000000787d00000| Complete 
| 126|0x0000000787e00000, 0x0000000787f00000, 0x0000000787f00000|100%| E|CS|TAMS 0x0000000787e00000, 0x0000000787e00000| Complete 
| 127|0x0000000787f00000, 0x0000000788000000, 0x0000000788000000|100%| E|CS|TAMS 0x0000000787f00000, 0x0000000787f00000| Complete 

Card table byte_map: [0x0000000111740000,0x0000000111b40000] _byte_map_base: 0x000000010db40000

Marking Bits (Prev, Next): (CMBitMap*) 0x00007fed9c83b610, (CMBitMap*) 0x00007fed9c83b650
 Prev Bits: [0x0000000111f40000, 0x0000000113f40000)
 Next Bits: [0x0000000113f40000, 0x0000000115f40000)

Polling page: 0x000000010a75f000

Metaspace:

Usage:
  Non-class:      4.41 MB capacity,     4.36 MB ( 99%) used,    48.60 KB (  1%) free+waste,   960 bytes ( <1%) overhead. 
      Class:    464.00 KB capacity,   409.59 KB ( 88%) used,    53.73 KB ( 12%) free+waste,   704 bytes ( <1%) overhead. 
       Both:      4.86 MB capacity,     4.76 MB ( 98%) used,   102.33 KB (  2%) free+waste,     1.62 KB ( <1%) overhead. 

Virtual space:
  Non-class space:        8.00 MB reserved,       4.50 MB ( 56%) committed 
      Class space:        1.00 GB reserved,     512.00 KB ( <1%) committed 
             Both:        1.01 GB reserved,       5.00 MB ( <1%) committed 

Chunk freelists:
   Non-Class:  48.00 KB
       Class:  16.00 KB
        Both:  64.00 KB

MaxMetaspaceSize: 17179869184.00 GB
CompressedClassSpaceSize: 1.00 GB

CodeHeap 'non-profiled nmethods': size=120032Kb used=58Kb max_used=58Kb free=119973Kb
 bounds [0x000000011fde2000, 0x0000000120052000, 0x000000012731a000]
CodeHeap 'profiled nmethods': size=120028Kb used=355Kb max_used=355Kb free=119672Kb
 bounds [0x00000001188ab000, 0x0000000118b1b000, 0x000000011fde2000]
CodeHeap 'non-nmethods': size=5700Kb used=1060Kb max_used=1075Kb free=4639Kb
 bounds [0x000000011831a000, 0x000000011858a000, 0x00000001188ab000]
 total_blobs=536 nmethods=247 adapters=203
 compilation: enabled
              stopped_count=0, restarted_count=0
 full_count=0

Compilation events (20 events):
Event: 0.362 Thread 0x00007fed9c8b9600  236       3       java.util.jar.JarFile::getEntry (35 bytes)
Event: 0.362 Thread 0x00007fed9c8b9600 nmethod 236 0x0000000118900090 code [0x0000000118900280, 0x00000001189006d0]
Event: 0.364 Thread 0x00007fed9c8b9600  237       3       java.lang.String::substring (58 bytes)
Event: 0.364 Thread 0x00007fed9c8b9600 nmethod 237 0x0000000118900810 code [0x0000000118900a00, 0x0000000118900e60]
Event: 0.364 Thread 0x00007fed9c8b9600  238       3       java.lang.String::checkBoundsBeginEnd (63 bytes)
Event: 0.365 Thread 0x00007fed9c8b9600 nmethod 238 0x0000000118901010 code [0x00000001189012a0, 0x0000000118901b70]
Event: 0.365 Thread 0x00007fed9c8b9600  239       1       java.net.URL::getPort (5 bytes)
Event: 0.365 Thread 0x00007fed9c8b9600 nmethod 239 0x000000011fdef490 code [0x000000011fdef620, 0x000000011fdef6d0]
Event: 0.366 Thread 0x00007fed9c8b9600  240       1       java.net.URL::getAuthority (5 bytes)
Event: 0.366 Thread 0x00007fed9c8b9600 nmethod 240 0x000000011fdef790 code [0x000000011fdef920, 0x000000011fdef9d0]
Event: 0.366 Thread 0x00007fed9c8b9600  241       1       java.net.URL::getPath (5 bytes)
Event: 0.366 Thread 0x00007fed9c8b9600 nmethod 241 0x000000011fdefa90 code [0x000000011fdefc20, 0x000000011fdefcd0]
Event: 0.366 Thread 0x00007fed9c8b9600  242       1       java.net.URL::getQuery (5 bytes)
Event: 0.367 Thread 0x00007fed9c8b9600 nmethod 242 0x000000011fdefd90 code [0x000000011fdeff20, 0x000000011fdeffd0]
Event: 0.367 Thread 0x00007fed9c8b9600  243       1       java.net.URL::getRef (5 bytes)
Event: 0.367 Thread 0x00007fed9c8b9600 nmethod 243 0x000000011fdf0090 code [0x000000011fdf0220, 0x000000011fdf02d0]
Event: 0.368 Thread 0x00007fed9c8b9600  245       3       java.net.URL::isBuiltinStreamHandler (32 bytes)
Event: 0.370 Thread 0x00007fed9c8b9600 nmethod 245 0x0000000118901f10 code [0x0000000118902200, 0x00000001189032f0]
Event: 0.370 Thread 0x00007fed9c8b9600  246       3       java.net.URL::isBuiltinStreamHandler (8 bytes)
Event: 0.371 Thread 0x00007fed9c8b9600 nmethod 246 0x0000000118903890 code [0x0000000118903a40, 0x0000000118903be0]

GC Heap History (0 events):
No events

Deoptimization events (6 events):
Event: 0.141 Thread 0x00007fed9c008a00 Uncommon trap: trap_request=0xffffff45 fr.pc=0x000000011fde728c relative=0x000000000000020c
Event: 0.141 Thread 0x00007fed9c008a00 Uncommon trap: reason=unstable_if action=reinterpret pc=0x000000011fde728c method=java.lang.String.hashCode()I @ 42 c2
Event: 0.141 Thread 0x00007fed9c008a00 DEOPT PACKING pc=0x000000011fde728c sp=0x000070000a528640
Event: 0.141 Thread 0x00007fed9c008a00 DEOPT UNPACKING pc=0x0000000118368125 sp=0x000070000a5285f8 mode 2
Event: 0.270 Thread 0x00007fed9c008a00 DEOPT PACKING pc=0x00000001188b286d sp=0x000070000a528720
Event: 0.270 Thread 0x00007fed9c008a00 DEOPT UNPACKING pc=0x0000000118367f2b sp=0x000070000a527bc8 mode 0

Classes unloaded (0 events):
No events

Classes redefined (0 events):
No events

Internal exceptions (0 events):
No events

Events (20 events):
Event: 0.354 loading class java/security/AllPermission
Event: 0.354 loading class java/security/AllPermission done
Event: 0.354 loading class java/security/UnresolvedPermission
Event: 0.354 loading class java/security/UnresolvedPermission done
Event: 0.354 loading class java/security/SecureClassLoader$DebugHolder
Event: 0.354 loading class java/security/SecureClassLoader$DebugHolder done
Event: 0.358 loading class java/lang/Class$ReflectionData
Event: 0.358 loading class java/lang/Class$ReflectionData done
Event: 0.358 loading class java/lang/Class$Atomic
Event: 0.359 loading class java/lang/Class$Atomic done
Event: 0.364 loading class java/util/concurrent/ConcurrentHashMap$ForwardingNode
Event: 0.364 loading class java/util/concurrent/ConcurrentHashMap$ForwardingNode done
Event: 0.373 loading class java/lang/PublicMethods$MethodList
Event: 0.374 loading class java/lang/PublicMethods$MethodList done
Event: 0.374 loading class java/lang/PublicMethods$Key
Event: 0.375 loading class java/lang/PublicMethods$Key done
Event: 0.375 loading class java/lang/Void
Event: 0.375 loading class java/lang/Void done
Event: 0.375 loading class java/lang/Class$EnclosingMethodInfo
Event: 0.375 loading class java/lang/Class$EnclosingMethodInfo done


Dynamic libraries:
0x00007fff2a5e4000 	/usr/lib/libz.1.dylib
0x000000010a729000 	/Users/keumkim/.p2/pool/plugins/org.eclipse.justj.openjdk.hotspot.jre.full.macosx.x86_64_15.0.2.v20210201-0955/jre/lib/libjli.dylib
0x00007fff35136000 	/System/Library/Frameworks/Cocoa.framework/Versions/A/Cocoa
0x00007fff2235b000 	/System/Library/Frameworks/Security.framework/Versions/A/Security
0x00007fff33333000 	/System/Library/Frameworks/ApplicationServices.framework/Versions/A/ApplicationServices
0x00007fff2a6ac000 	/usr/lib/libSystem.B.dylib
0x00007fff2a6a6000 	/usr/lib/system/libcache.dylib
0x00007fff2a662000 	/usr/lib/system/libcommonCrypto.dylib
0x00007fff2a68c000 	/usr/lib/system/libcompiler_rt.dylib
0x00007fff2a681000 	/usr/lib/system/libcopyfile.dylib
0x00007fff2022f000 	/usr/lib/system/libcorecrypto.dylib
0x00007fff202fc000 	/usr/lib/system/libdispatch.dylib
0x00007fff204b0000 	/usr/lib/system/libdyld.dylib
0x00007fff2a69d000 	/usr/lib/system/libkeymgr.dylib
0x00007fff2dae5000 	/usr/lib/system/liblaunch.dylib
0x00007fff2a640000 	/usr/lib/system/libmacho.dylib
0x00007fff29e5a000 	/usr/lib/system/libquarantine.dylib
0x00007fff2a69a000 	/usr/lib/system/libremovefile.dylib
0x00007fff24cf2000 	/usr/lib/system/libsystem_asl.dylib
0x00007fff201df000 	/usr/lib/system/libsystem_blocks.dylib
0x00007fff2037d000 	/usr/lib/system/libsystem_c.dylib
0x00007fff2a694000 	/usr/lib/system/libsystem_collections.dylib
0x00007fff2914e000 	/usr/lib/system/libsystem_configuration.dylib
0x00007fff28441000 	/usr/lib/system/libsystem_containermanager.dylib
0x00007fff2a3dc000 	/usr/lib/system/libsystem_coreservices.dylib
0x00007fff2290f000 	/usr/lib/system/libsystem_darwin.dylib
0x00007fff2a69e000 	/usr/lib/system/libsystem_dnssd.dylib
0x00007fff2037a000 	/usr/lib/system/libsystem_featureflags.dylib
0x00007fff204f5000 	/usr/lib/system/libsystem_info.dylib
0x00007fff2a5f7000 	/usr/lib/system/libsystem_m.dylib
0x00007fff202cf000 	/usr/lib/system/libsystem_malloc.dylib
0x00007fff24c86000 	/usr/lib/system/libsystem_networkextension.dylib
0x00007fff22d2a000 	/usr/lib/system/libsystem_notify.dylib
0x00007fff2ff99000 	/usr/lib/system/libsystem_product_info_filter.dylib
0x00007fff29152000 	/usr/lib/system/libsystem_sandbox.dylib
0x00007fff2a697000 	/usr/lib/system/libsystem_secinit.dylib
0x00007fff20475000 	/usr/lib/system/libsystem_kernel.dylib
0x00007fff204eb000 	/usr/lib/system/libsystem_platform.dylib
0x00007fff204a4000 	/usr/lib/system/libsystem_pthread.dylib
0x00007fff263f1000 	/usr/lib/system/libsystem_symptoms.dylib
0x00007fff20217000 	/usr/lib/system/libsystem_trace.dylib
0x00007fff2a66e000 	/usr/lib/system/libunwind.dylib
0x00007fff201e1000 	/usr/lib/system/libxpc.dylib
0x00007fff2045c000 	/usr/lib/libc++abi.dylib
0x00007fff20341000 	/usr/lib/libobjc.A.dylib
0x00007fff2a679000 	/usr/lib/liboah.dylib
0x00007fff20406000 	/usr/lib/libc++.1.dylib
0x00007fff20521000 	/System/Library/Frameworks/CoreFoundation.framework/Versions/A/CoreFoundation
0x00007fff212ce000 	/System/Library/Frameworks/Foundation.framework/Versions/C/Foundation
0x00007fff22d82000 	/System/Library/Frameworks/AppKit.framework/Versions/C/AppKit
0x00007fff25c1a000 	/System/Library/Frameworks/CoreData.framework/Versions/A/CoreData
0x00007fff23ae5000 	/System/Library/PrivateFrameworks/UIFoundation.framework/Versions/A/UIFoundation
0x00007fff2fd12000 	/System/Library/PrivateFrameworks/RemoteViewServices.framework/Versions/A/RemoteViewServices
0x00007fff28b0b000 	/System/Library/PrivateFrameworks/XCTTargetBootstrap.framework/Versions/A/XCTTargetBootstrap
0x00007fff2b7ec000 	/usr/lib/libspindump.dylib
0x00007fff23d3a000 	/System/Library/Frameworks/UniformTypeIdentifiers.framework/Versions/A/UniformTypeIdentifiers
0x00007fff272e1000 	/usr/lib/libapp_launch_measurement.dylib
0x00007fff272e4000 	/System/Library/PrivateFrameworks/CoreAutoLayout.framework/Versions/A/CoreAutoLayout
0x00007fff2846d000 	/System/Library/Frameworks/Metal.framework/Versions/A/Metal
0x00007fff2915d000 	/usr/lib/liblangid.dylib
0x00007fff28b0f000 	/System/Library/PrivateFrameworks/CoreSVG.framework/Versions/A/CoreSVG
0x00007fff24d21000 	/System/Library/PrivateFrameworks/SkyLight.framework/Versions/A/SkyLight
0x00007fff25088000 	/System/Library/Frameworks/CoreGraphics.framework/Versions/A/CoreGraphics
0x00007fff30369000 	/System/Library/Frameworks/Accelerate.framework/Versions/A/Accelerate
0x00007fff2b227000 	/System/Library/PrivateFrameworks/IconServices.framework/Versions/A/IconServices
0x00007fff28452000 	/System/Library/Frameworks/IOSurface.framework/Versions/A/IOSurface
0x00007fff265a3000 	/usr/lib/libDiagnosticMessagesClient.dylib
0x00007fff28af7000 	/System/Library/PrivateFrameworks/DFRFoundation.framework/Versions/A/DFRFoundation
0x00007fff226ad000 	/usr/lib/libicucore.A.dylib
0x00007fff2cd33000 	/System/Library/Frameworks/AudioToolbox.framework/Versions/A/AudioToolbox
0x00007fff2bfd8000 	/System/Library/PrivateFrameworks/DataDetectorsCore.framework/Versions/A/DataDetectorsCore
0x00007fff287f7000 	/System/Library/Frameworks/Carbon.framework/Versions/A/Frameworks/HIToolbox.framework/Versions/A/HIToolbox
0x00007fff26d3c000 	/System/Library/Frameworks/QuartzCore.framework/Versions/A/QuartzCore
0x00007fff2fd4e000 	/System/Library/Frameworks/Carbon.framework/Versions/A/Frameworks/SpeechRecognition.framework/Versions/A/SpeechRecognition
0x00007fff27049000 	/System/Library/PrivateFrameworks/CoreUI.framework/Versions/A/CoreUI
0x00007fff21cb6000 	/System/Library/Frameworks/CoreAudio.framework/Versions/A/CoreAudio
0x00007fff2668e000 	/System/Library/Frameworks/DiskArbitration.framework/Versions/A/DiskArbitration
0x00007fff2bbe7000 	/System/Library/PrivateFrameworks/MultitouchSupport.framework/Versions/A/MultitouchSupport
0x00007fff2bfcf000 	/System/Library/PrivateFrameworks/InternationalSupport.framework/Versions/A/InternationalSupport
0x00007fff24c95000 	/usr/lib/libenergytrace.dylib
0x00007fff22c7b000 	/System/Library/Frameworks/IOKit.framework/Versions/A/IOKit
0x00007fff3009b000 	/System/Library/Frameworks/CoreServices.framework/Versions/A/CoreServices
0x00007fff27277000 	/System/Library/PrivateFrameworks/PerformanceAnalysis.framework/Versions/A/PerformanceAnalysis
0x00007fff6ca04000 	/System/Library/Frameworks/OpenGL.framework/Versions/A/OpenGL
0x00007fff2c054000 	/System/Library/PrivateFrameworks/UserActivity.framework/Versions/A/UserActivity
0x00007fff2571c000 	/System/Library/Frameworks/ColorSync.framework/Versions/A/ColorSync
0x00007fff28d74000 	/System/Library/Frameworks/CoreImage.framework/Versions/A/CoreImage
0x00007fff21acd000 	/System/Library/Frameworks/CoreText.framework/Versions/A/CoreText
0x00007fff28b39000 	/System/Library/Frameworks/ImageIO.framework/Versions/A/ImageIO
0x00007fff2a6b2000 	/System/Library/PrivateFrameworks/SoftLinking.framework/Versions/A/SoftLinking
0x00007fff2732d000 	/usr/lib/libxml2.2.dylib
0x00007fff2a924000 	/usr/lib/libcompression.dylib
0x00007fff24c96000 	/usr/lib/libMobileGestalt.dylib
0x00007fff2bf02000 	/System/Library/PrivateFrameworks/TextureIO.framework/Versions/A/TextureIO
0x00007fff2af4a000 	/usr/lib/libate.dylib
0x00007fff2ad2f000 	/usr/lib/liblzma.5.dylib
0x00007fff20fe2000 	/System/Library/Frameworks/SystemConfiguration.framework/Versions/A/SystemConfiguration
0x00007fff2a6ae000 	/usr/lib/libfakelink.dylib
0x00007fff247e8000 	/System/Library/Frameworks/CFNetwork.framework/Versions/A/CFNetwork
0x00007fff2a7ee000 	/usr/lib/libarchive.2.dylib
0x00007fff21060000 	/usr/lib/libCRFSuite.dylib
0x00007fff29e81000 	/usr/lib/libbsm.0.dylib
0x00007fff241a4000 	/usr/lib/libnetwork.dylib
0x00007fff2a6b3000 	/usr/lib/libpcap.A.dylib
0x00007fff263ea000 	/usr/lib/libdns_services.dylib
0x00007fff2ad48000 	/usr/lib/libcoretls_cfhelpers.dylib
0x00007fff2a8f2000 	/usr/lib/libapple_nghttp2.dylib
0x00007fff2a646000 	/usr/lib/system/libkxld.dylib
0x00007fff26050000 	/usr/lib/libsqlite3.dylib
0x00007fff2a3be000 	/System/Library/PrivateFrameworks/AppleFSCompression.framework/Versions/A/AppleFSCompression
0x00007fff29e69000 	/usr/lib/libcoretls.dylib
0x00007fff2a91f000 	/usr/lib/libpam.2.dylib
0x00007fff2ae45000 	/usr/lib/libxar.1.dylib
0x00007fff29159000 	/System/Library/PrivateFrameworks/AppleSystemInfo.framework/Versions/A/AppleSystemInfo
0x00007fff29aac000 	/System/Library/PrivateFrameworks/IOMobileFramebuffer.framework/Versions/A/IOMobileFramebuffer
0x00007fff2a3ce000 	/usr/lib/libbz2.1.0.dylib
0x00007fff2a6eb000 	/usr/lib/libiconv.2.dylib
0x00007fff2a63f000 	/usr/lib/libcharset.1.dylib
0x00007fff272b3000 	/System/Library/Frameworks/CoreServices.framework/Versions/A/Frameworks/FSEvents.framework/Versions/A/FSEvents
0x00007fff22919000 	/System/Library/Frameworks/CoreServices.framework/Versions/A/Frameworks/CarbonCore.framework/Versions/A/CarbonCore
0x00007fff265f3000 	/System/Library/Frameworks/CoreServices.framework/Versions/A/Frameworks/Metadata.framework/Versions/A/Metadata
0x00007fff2a3e1000 	/System/Library/Frameworks/CoreServices.framework/Versions/A/Frameworks/OSServices.framework/Versions/A/OSServices
0x00007fff2a860000 	/System/Library/Frameworks/CoreServices.framework/Versions/A/Frameworks/SearchKit.framework/Versions/A/SearchKit
0x00007fff26374000 	/System/Library/Frameworks/CoreServices.framework/Versions/A/Frameworks/AE.framework/Versions/A/AE
0x00007fff209bd000 	/System/Library/Frameworks/CoreServices.framework/Versions/A/Frameworks/LaunchServices.framework/Versions/A/LaunchServices
0x00007fff2ace0000 	/System/Library/Frameworks/CoreServices.framework/Versions/A/Frameworks/DictionaryServices.framework/Versions/A/DictionaryServices
0x00007fff272bc000 	/System/Library/Frameworks/CoreServices.framework/Versions/A/Frameworks/SharedFileList.framework/Versions/A/SharedFileList
0x00007fff29e5d000 	/usr/lib/libCheckFix.dylib
0x00007fff24d09000 	/System/Library/PrivateFrameworks/TCC.framework/Versions/A/TCC
0x00007fff2915f000 	/System/Library/PrivateFrameworks/CoreNLP.framework/Versions/A/CoreNLP
0x00007fff265a6000 	/System/Library/PrivateFrameworks/MetadataUtilities.framework/Versions/A/MetadataUtilities
0x00007fff21096000 	/usr/lib/libmecabra.dylib
0x00007fff2a170000 	/System/Library/Frameworks/MLCompute.framework/Versions/A/MLCompute
0x00007fff29e92000 	/usr/lib/libmecab.dylib
0x00007fff29edc000 	/usr/lib/libgermantok.dylib
0x00007fff2a8c8000 	/usr/lib/libThaiTokenizer.dylib
0x00007fff2ae80000 	/usr/lib/libChineseTokenizer.dylib
0x00007fff2a91d000 	/System/Library/Frameworks/MetalPerformanceShaders.framework/Versions/A/MetalPerformanceShaders
0x00007fff26695000 	/System/Library/Frameworks/Accelerate.framework/Versions/A/Frameworks/vImage.framework/Versions/A/vImage
0x00007fff30074000 	/System/Library/Frameworks/Accelerate.framework/Versions/A/Frameworks/vecLib.framework/Versions/A/vecLib
0x00007fff2ae8b000 	/System/Library/Frameworks/Accelerate.framework/Versions/A/Frameworks/vecLib.framework/Versions/A/libvMisc.dylib
0x00007fff298c5000 	/System/Library/Frameworks/Accelerate.framework/Versions/A/Frameworks/vecLib.framework/Versions/A/libvDSP.dylib
0x00007fff20cc1000 	/System/Library/Frameworks/Accelerate.framework/Versions/A/Frameworks/vecLib.framework/Versions/A/libBLAS.dylib
0x00007fff2a943000 	/System/Library/Frameworks/Accelerate.framework/Versions/A/Frameworks/vecLib.framework/Versions/A/libLAPACK.dylib
0x00007fff29ee2000 	/System/Library/Frameworks/Accelerate.framework/Versions/A/Frameworks/vecLib.framework/Versions/A/libLinearAlgebra.dylib
0x00007fff2a90a000 	/System/Library/Frameworks/Accelerate.framework/Versions/A/Frameworks/vecLib.framework/Versions/A/libSparseBLAS.dylib
0x00007fff2a93d000 	/System/Library/Frameworks/Accelerate.framework/Versions/A/Frameworks/vecLib.framework/Versions/A/libQuadrature.dylib
0x00007fff29207000 	/System/Library/Frameworks/Accelerate.framework/Versions/A/Frameworks/vecLib.framework/Versions/A/libBNNS.dylib
0x00007fff20f73000 	/System/Library/Frameworks/Accelerate.framework/Versions/A/Frameworks/vecLib.framework/Versions/A/libSparse.dylib
0x00007fff290f2000 	/System/Library/Frameworks/MetalPerformanceShaders.framework/Versions/A/Frameworks/MPSCore.framework/Versions/A/MPSCore
0x00007fff2a32d000 	/System/Library/Frameworks/MetalPerformanceShaders.framework/Versions/A/Frameworks/MPSImage.framework/Versions/A/MPSImage
0x00007fff29ef8000 	/System/Library/Frameworks/MetalPerformanceShaders.framework/Versions/A/Frameworks/MPSNeuralNetwork.framework/Versions/A/MPSNeuralNetwork
0x00007fff2a2b8000 	/System/Library/Frameworks/MetalPerformanceShaders.framework/Versions/A/Frameworks/MPSMatrix.framework/Versions/A/MPSMatrix
0x00007fff2a120000 	/System/Library/Frameworks/MetalPerformanceShaders.framework/Versions/A/Frameworks/MPSRayIntersector.framework/Versions/A/MPSRayIntersector
0x00007fff2a2ef000 	/System/Library/Frameworks/MetalPerformanceShaders.framework/Versions/A/Frameworks/MPSNDArray.framework/Versions/A/MPSNDArray
0x00007fff20bed000 	/System/Library/PrivateFrameworks/MetalTools.framework/Versions/A/MetalTools
0x00007fff29157000 	/System/Library/PrivateFrameworks/AggregateDictionary.framework/Versions/A/AggregateDictionary
0x00007fff2657e000 	/System/Library/PrivateFrameworks/CoreAnalytics.framework/Versions/A/CoreAnalytics
0x00007fff2a8ca000 	/System/Library/PrivateFrameworks/AppleSauce.framework/Versions/A/AppleSauce
0x00007fff28464000 	/System/Library/PrivateFrameworks/IOAccelerator.framework/Versions/A/IOAccelerator
0x00007fff6c9f8000 	/System/Library/Frameworks/OpenGL.framework/Versions/A/Libraries/libCoreFSCache.dylib
0x00007fff21632000 	/System/Library/PrivateFrameworks/LanguageModeling.framework/Versions/A/LanguageModeling
0x00007fff29a99000 	/System/Library/PrivateFrameworks/CoreEmoji.framework/Versions/A/CoreEmoji
0x00007fff29200000 	/System/Library/PrivateFrameworks/LinguisticData.framework/Versions/A/LinguisticData
0x00007fff20f25000 	/System/Library/PrivateFrameworks/Lexicon.framework/Versions/A/Lexicon
0x00007fff2a7dc000 	/usr/lib/libcmph.dylib
0x00007fff27293000 	/System/Library/Frameworks/OpenDirectory.framework/Versions/A/Frameworks/CFOpenDirectory.framework/Versions/A/CFOpenDirectory
0x00007fff27283000 	/System/Library/Frameworks/OpenDirectory.framework/Versions/A/OpenDirectory
0x00007fff2ad4a000 	/System/Library/PrivateFrameworks/APFS.framework/Versions/A/APFS
0x00007fff29dbe000 	/System/Library/Frameworks/SecurityFoundation.framework/Versions/A/SecurityFoundation
0x00007fff2ae53000 	/usr/lib/libutil.dylib
0x00007fff22c40000 	/System/Library/PrivateFrameworks/CoreServicesStore.framework/Versions/A/CoreServicesStore
0x00007fff29e55000 	/System/Library/Frameworks/ServiceManagement.framework/Versions/A/ServiceManagement
0x00007fff2ae57000 	/usr/lib/libxslt.1.dylib
0x00007fff29e4b000 	/System/Library/PrivateFrameworks/BackgroundTaskManagement.framework/Versions/A/BackgroundTaskManagement
0x00007fff2be4c000 	/System/Library/Frameworks/ImageIO.framework/Versions/A/Resources/libRadiance.dylib
0x00007fff2be56000 	/System/Library/Frameworks/ImageIO.framework/Versions/A/Resources/libJPEG.dylib
0x00007fff2bda1000 	/System/Library/Frameworks/ImageIO.framework/Versions/A/Resources/libPng.dylib
0x00007fff2bdc8000 	/System/Library/Frameworks/ImageIO.framework/Versions/A/Resources/libTIFF.dylib
0x00007fff2beab000 	/System/Library/Frameworks/ImageIO.framework/Versions/A/Resources/libGIF.dylib
0x00007fff2bb04000 	/System/Library/Frameworks/ImageIO.framework/Versions/A/Resources/libJP2.dylib
0x00007fff2b1ee000 	/usr/lib/libexpat.1.dylib
0x00007fff2bab9000 	/System/Library/PrivateFrameworks/AppleJPEG.framework/Versions/A/AppleJPEG
0x00007fff2869a000 	/System/Library/PrivateFrameworks/FontServices.framework/libFontParser.dylib
0x00007fff26328000 	/System/Library/PrivateFrameworks/RunningBoardServices.framework/Versions/A/RunningBoardServices
0x00007fff2bbe3000 	/System/Library/PrivateFrameworks/WatchdogClient.framework/Versions/A/WatchdogClient
0x00007fff2171f000 	/System/Library/Frameworks/CoreDisplay.framework/Versions/A/CoreDisplay
0x00007fff285b0000 	/System/Library/Frameworks/CoreMedia.framework/Versions/A/CoreMedia
0x00007fff27410000 	/System/Library/Frameworks/CoreVideo.framework/Versions/A/CoreVideo
0x00007fff2bc1b000 	/System/Library/Frameworks/VideoToolbox.framework/Versions/A/VideoToolbox
0x00007fff262a6000 	/System/Library/PrivateFrameworks/BaseBoard.framework/Versions/A/BaseBoard
0x00007fff2b333000 	/System/Library/PrivateFrameworks/PersistentConnection.framework/Versions/A/PersistentConnection
0x00007fff26039000 	/System/Library/PrivateFrameworks/ProtocolBuffer.framework/Versions/A/ProtocolBuffer
0x00007fff2628d000 	/System/Library/PrivateFrameworks/CommonUtilities.framework/Versions/A/CommonUtilities
0x00007fff2ba4e000 	/System/Library/PrivateFrameworks/Bom.framework/Versions/A/Bom
0x00007fff2be45000 	/System/Library/PrivateFrameworks/GPUWrangler.framework/Versions/A/GPUWrangler
0x00007fff2be28000 	/System/Library/PrivateFrameworks/IOPresentment.framework/Versions/A/IOPresentment
0x00007fff2be50000 	/System/Library/PrivateFrameworks/DSExternalDisplay.framework/Versions/A/DSExternalDisplay
0x00007fff2beb0000 	/System/Library/PrivateFrameworks/CMCaptureCore.framework/Versions/A/CMCaptureCore
0x00007fff2b7d3000 	/System/Library/PrivateFrameworks/AppServerSupport.framework/Versions/A/AppServerSupport
0x00007fff2d884000 	/System/Library/PrivateFrameworks/perfdata.framework/Versions/A/perfdata
0x00007fff29dad000 	/System/Library/PrivateFrameworks/AssertionServices.framework/Versions/A/AssertionServices
0x00007fff21856000 	/System/Library/PrivateFrameworks/AudioToolboxCore.framework/Versions/A/AudioToolboxCore
0x00007fff28593000 	/System/Library/PrivateFrameworks/caulk.framework/Versions/A/caulk
0x00007fff3d52f000 	/System/Library/PrivateFrameworks/SystemPolicy.framework/Versions/A/SystemPolicy
0x00007fff2afe3000 	/usr/lib/libIOReport.dylib
0x00007fff2d0a6000 	/usr/lib/libSMC.dylib
0x00007fff2bd6e000 	/usr/lib/libAudioToolboxUtility.dylib
0x00007fff3de99000 	/usr/lib/libmis.dylib
0x00007fff6ca54000 	/System/Library/Frameworks/OpenGL.framework/Versions/A/Libraries/libGLU.dylib
0x00007fff6ca17000 	/System/Library/Frameworks/OpenGL.framework/Versions/A/Libraries/libGFXShared.dylib
0x00007fff6cc26000 	/System/Library/Frameworks/OpenGL.framework/Versions/A/Libraries/libGL.dylib
0x00007fff6ca20000 	/System/Library/Frameworks/OpenGL.framework/Versions/A/Libraries/libGLImage.dylib
0x00007fff6ca14000 	/System/Library/Frameworks/OpenGL.framework/Versions/A/Libraries/libCVMSPluginSupport.dylib
0x00007fff6c9ff000 	/System/Library/Frameworks/OpenGL.framework/Versions/A/Libraries/libCoreVMClient.dylib
0x00007fff6e067000 	/System/Library/Frameworks/OpenCL.framework/Versions/A/OpenCL
0x00007fff2b35d000 	/System/Library/PrivateFrameworks/GraphVisualizer.framework/Versions/A/GraphVisualizer
0x00007fff2b36c000 	/System/Library/PrivateFrameworks/FaceCore.framework/Versions/A/FaceCore
0x00007fff2b788000 	/System/Library/PrivateFrameworks/OTSVG.framework/Versions/A/OTSVG
0x00007fff27007000 	/System/Library/Frameworks/ApplicationServices.framework/Versions/A/Frameworks/ATS.framework/Versions/A/Resources/libFontRegistry.dylib
0x00007fff2b7da000 	/System/Library/PrivateFrameworks/FontServices.framework/libhvf.dylib
0x00007fff2b19a000 	/System/Library/PrivateFrameworks/AppleVA.framework/Versions/A/AppleVA
0x00007fff2ceef000 	/System/Library/Frameworks/ApplicationServices.framework/Versions/A/Frameworks/ATS.framework/Versions/A/ATS
0x00007fff2d201000 	/System/Library/Frameworks/ApplicationServices.framework/Versions/A/Frameworks/ColorSyncLegacy.framework/Versions/A/ColorSyncLegacy
0x00007fff25813000 	/System/Library/Frameworks/ApplicationServices.framework/Versions/A/Frameworks/HIServices.framework/Versions/A/HIServices
0x00007fff2d1e6000 	/System/Library/Frameworks/ApplicationServices.framework/Versions/A/Frameworks/LangAnalysis.framework/Versions/A/LangAnalysis
0x00007fff2beba000 	/System/Library/Frameworks/ApplicationServices.framework/Versions/A/Frameworks/PrintCore.framework/Versions/A/PrintCore
0x00007fff2d209000 	/System/Library/Frameworks/ApplicationServices.framework/Versions/A/Frameworks/QD.framework/Versions/A/QD
0x00007fff2cedf000 	/System/Library/Frameworks/ApplicationServices.framework/Versions/A/Frameworks/SpeechSynthesis.framework/Versions/A/SpeechSynthesis
0x00007fff2be7b000 	/System/Library/Frameworks/ApplicationServices.framework/Versions/A/Frameworks/ATSUI.framework/Versions/A/ATSUI
0x00007fff2d186000 	/usr/lib/libcups.2.dylib
0x00007fff2d1f6000 	/System/Library/PrivateFrameworks/NetAuth.framework/Versions/A/NetAuth
0x00007fff2d8a0000 	/System/Library/Frameworks/Kerberos.framework/Versions/A/Kerberos
0x00007fff2d8b0000 	/System/Library/Frameworks/GSS.framework/Versions/A/GSS
0x00007fff2cf5b000 	/usr/lib/libresolv.9.dylib
0x00007fff2b7ef000 	/System/Library/PrivateFrameworks/Heimdal.framework/Versions/A/Heimdal
0x00007fff33634000 	/System/Library/Frameworks/Kerberos.framework/Versions/A/Libraries/libHeimdalProxy.dylib
0x00007fff263f9000 	/System/Library/Frameworks/Network.framework/Versions/A/Network
0x00007fff2b208000 	/usr/lib/libheimdal-asn1.dylib
0x00007fff2d900000 	/System/Library/PrivateFrameworks/CommonAuth.framework/Versions/A/CommonAuth
0x00007fff2745d000 	/System/Library/PrivateFrameworks/login.framework/Versions/A/Frameworks/loginsupport.framework/Versions/A/loginsupport
0x00007fff2ce64000 	/System/Library/PrivateFrameworks/AudioSession.framework/Versions/A/AudioSession
0x00007fff2cecc000 	/usr/lib/libAudioStatistics.dylib
0x00007fff2b295000 	/System/Library/PrivateFrameworks/MediaExperience.framework/Versions/A/MediaExperience
0x00007fff2cd01000 	/System/Library/PrivateFrameworks/AudioSession.framework/libSessionUtility.dylib
0x00007fff2d891000 	/usr/lib/libperfcheck.dylib
0x00007fff2d215000 	/System/Library/PrivateFrameworks/AudioResourceArbitration.framework/Versions/A/AudioResourceArbitration
0x00007fff2b212000 	/System/Library/PrivateFrameworks/IconFoundation.framework/Versions/A/IconFoundation
0x00007fff2fd3e000 	/System/Library/PrivateFrameworks/SpeechRecognitionCore.framework/Versions/A/SpeechRecognitionCore
0x00007fff5de2e000 	/System/Library/CoreServices/Encodings/libKoreanConverter.dylib
0x000000010c800000 	/Users/keumkim/.p2/pool/plugins/org.eclipse.justj.openjdk.hotspot.jre.full.macosx.x86_64_15.0.2.v20210201-0955/jre/lib/server/libjvm.dylib
0x000000010a753000 	/Users/keumkim/.p2/pool/plugins/org.eclipse.justj.openjdk.hotspot.jre.full.macosx.x86_64_15.0.2.v20210201-0955/jre/lib/libjimage.dylib
0x000000010a7a9000 	/Users/keumkim/.p2/pool/plugins/org.eclipse.justj.openjdk.hotspot.jre.full.macosx.x86_64_15.0.2.v20210201-0955/jre/lib/libjava.dylib
0x000000010a7e0000 	/Users/keumkim/.p2/pool/plugins/org.eclipse.justj.openjdk.hotspot.jre.full.macosx.x86_64_15.0.2.v20210201-0955/jre/lib/libzip.dylib
0x0000000117f85000 	/Users/keumkim/.p2/pool/plugins/org.eclipse.justj.openjdk.hotspot.jre.full.macosx.x86_64_15.0.2.v20210201-0955/jre/lib/libnio.dylib
0x0000000117f99000 	/Users/keumkim/.p2/pool/plugins/org.eclipse.justj.openjdk.hotspot.jre.full.macosx.x86_64_15.0.2.v20210201-0955/jre/lib/libnet.dylib


VM Arguments:
jvm_args: -Dfile.encoding=UTF-8 -XX:+ShowCodeDetailsInExceptionMessages 
java_command: org.apache.kafka.common.protocol.types.Type$2
java_class_path (initial): /Users/keumkim/eclipse-workspace/winterone-main/SirenOrder/target/classes:/Users/keumkim/.m2/repository/org/springframework/boot/spring-boot-starter-data-jpa/2.1.9.RELEASE/spring-boot-starter-data-jpa-2.1.9.RELEASE.jar:/Users/keumkim/.m2/repository/org/springframework/boot/spring-boot-starter-aop/2.1.9.RELEASE/spring-boot-starter-aop-2.1.9.RELEASE.jar:/Users/keumkim/.m2/repository/org/springframework/spring-aop/5.1.10.RELEASE/spring-aop-5.1.10.RELEASE.jar:/Users/keumkim/.m2/repository/org/aspectj/aspectjweaver/1.9.4/aspectjweaver-1.9.4.jar:/Users/keumkim/.m2/repository/org/springframework/boot/spring-boot-starter-jdbc/2.1.9.RELEASE/spring-boot-starter-jdbc-2.1.9.RELEASE.jar:/Users/keumkim/.m2/repository/com/zaxxer/HikariCP/3.2.0/HikariCP-3.2.0.jar:/Users/keumkim/.m2/repository/org/springframework/spring-jdbc/5.1.10.RELEASE/spring-jdbc-5.1.10.RELEASE.jar:/Users/keumkim/.m2/repository/javax/transaction/javax.transaction-api/1.3/javax.transaction-api-1.3.jar:/Users/keumkim/.m2/repository/javax/xml/bind/jaxb-api/2.3.1/jaxb-api-2.3.1.jar:/Users/keumkim/.m2/repository/javax/activation/javax.activation-api/1.2.0/javax.activation-api-1.2.0.jar:/Users/keumkim/.m2/repository/org/hibernate/hibernate-core/5.3.12.Final/hibernate-core-5.3.12.Final.jar:/Users/keumkim/.m2/repository/org/jboss/logging/jboss-logging/3.3.3.Final/jboss-logging-3.3.3.Final.jar:/Users/keumkim/.m2/repository/javax/persistence/javax.persistence-api/2.2/javax.persistence-api-2.2.jar:/Users/keumkim/.m2/repository/org/javassist/javassist/3.23.2-GA/javassist-3.23.2-GA.jar:/Users/keumkim/.m2/repository/net/bytebuddy/byte-buddy/1.9.16/byte-buddy-1.9.16.jar:/Users/keumkim/.m2/repository/antlr/antlr/2.7.7/antlr-2.7.7.jar:/Users/keumkim/.m2/repository/org/jboss/jandex/2.0.5.Final/jandex-2.0.5.Final.jar:/Users/keumkim/.m2/repository/com/fasterxml/classmate/1.4.0/classmate-1.4.0.jar:/Users/keumkim/.m2/repository/org/dom4j/dom4j/2.1.1/dom4j-2.1.1.jar:/Users/keumkim/.m2/repository/org/hiber
Launcher Type: SUN_STANDARD

[Global flags]
     intx CICompilerCount                          = 3                                         {product} {ergonomic}
     uint ConcGCThreads                            = 1                                         {product} {ergonomic}
     uint G1ConcRefinementThreads                  = 4                                         {product} {ergonomic}
   size_t G1HeapRegionSize                         = 1048576                                   {product} {ergonomic}
    uintx GCDrainStackTargetSize                   = 64                                        {product} {ergonomic}
   size_t InitialHeapSize                          = 134217728                                 {product} {ergonomic}
   size_t MarkStackSize                            = 4194304                                   {product} {ergonomic}
   size_t MaxHeapSize                              = 2147483648                                {product} {ergonomic}
   size_t MaxNewSize                               = 1287651328                                {product} {ergonomic}
   size_t MinHeapDeltaBytes                        = 1048576                                   {product} {ergonomic}
   size_t MinHeapSize                              = 8388608                                   {product} {ergonomic}
    uintx NonNMethodCodeHeapSize                   = 5832780                                {pd product} {ergonomic}
    uintx NonProfiledCodeHeapSize                  = 122912730                              {pd product} {ergonomic}
    uintx ProfiledCodeHeapSize                     = 122912730                              {pd product} {ergonomic}
    uintx ReservedCodeCacheSize                    = 251658240                              {pd product} {ergonomic}
     bool SegmentedCodeCache                       = true                                      {product} {ergonomic}
     bool ShowCodeDetailsInExceptionMessages       = true                                   {manageable} {command line}
   size_t SoftMaxHeapSize                          = 2147483648                             {manageable} {ergonomic}
     bool UseCompressedClassPointers               = true                                 {lp64_product} {ergonomic}
     bool UseCompressedOops                        = true                                 {lp64_product} {ergonomic}
     bool UseG1GC                                  = true                                      {product} {ergonomic}
     bool UseNUMA                                  = false                                     {product} {ergonomic}
     bool UseNUMAInterleaving                      = false                                     {product} {ergonomic}

Logging:
Log output configuration:
 #0: stdout all=warning uptime,level,tags
 #1: stderr all=off uptime,level,tags

Environment Variables:
PATH=/usr/bin:/bin:/usr/sbin:/sbin
SHELL=/bin/bash

Signal Handlers:
SIGSEGV: [libjvm.dylib+0xa01020], sa_mask[0]=11111111011111110111111111111111, sa_flags=SA_ONSTACK|SA_RESTART|SA_SIGINFO
SIGBUS: [libjvm.dylib+0xa01020], sa_mask[0]=11111111011111110111111111111111, sa_flags=SA_RESTART|SA_SIGINFO
SIGFPE: [libjvm.dylib+0xa01020], sa_mask[0]=11111111011111110111111111111111, sa_flags=SA_RESTART|SA_SIGINFO
SIGPIPE: [libjvm.dylib+0x82c500], sa_mask[0]=11111111011111110111111111111111, sa_flags=SA_RESTART|SA_SIGINFO
SIGXFSZ: [libjvm.dylib+0x82c500], sa_mask[0]=11111111011111110111111111111111, sa_flags=SA_RESTART|SA_SIGINFO
SIGILL: [libjvm.dylib+0xa01020], sa_mask[0]=11111111011111110111111111111111, sa_flags=SA_RESTART|SA_SIGINFO
SIGUSR2: [libjvm.dylib+0x82d010], sa_mask[0]=00100000000000000000000000000000, sa_flags=SA_RESTART|SA_SIGINFO
SIGHUP: [libjvm.dylib+0x82b710], sa_mask[0]=11111111011111110111111111111111, sa_flags=SA_RESTART|SA_SIGINFO
SIGINT: [libjvm.dylib+0x82b710], sa_mask[0]=11111111011111110111111111111111, sa_flags=SA_RESTART|SA_SIGINFO
SIGTERM: [libjvm.dylib+0x82b710], sa_mask[0]=11111111011111110111111111111111, sa_flags=SA_RESTART|SA_SIGINFO
SIGQUIT: [libjvm.dylib+0x82b710], sa_mask[0]=11111111011111110111111111111111, sa_flags=SA_RESTART|SA_SIGINFO


---------------  S Y S T E M  ---------------

OS:uname: Darwin 20.3.0 Darwin Kernel Version 20.3.0: Thu Jan 21 00:07:06 PST 2021; root:xnu-7195.81.3~1/RELEASE_X86_64 x86_64
OS uptime: 3 days 21:25 hours
rlimit (soft/hard): STACK 8192k/65532k , CORE 0k/infinity , NPROC 1392/2088 , NOFILE 10240/infinity , AS infinity/infinity , CPU infinity/infinity , DATA infinity/infinity , FSIZE infinity/infinity , MEMLOCK infinity/infinity , RSS infinity/infinity
load average: 4.31 3.98 3.65

CPU: total 4 (initial active 4) (2 cores per cpu, 2 threads per core) family 6 model 61 stepping 4 microcode 0x2f, cmov, cx8, fxsr, mmx, sse, sse2, sse3, ssse3, sse4.1, sse4.2, popcnt, vzeroupper, avx, avx2, aes, clmul, erms, 3dnowpref, lzcnt, ht, tsc, tscinvbit, bmi1, bmi2, adx, fma, clflush

Memory: 4k page, physical 8388608k(83872k free), swap 2097152k(861440k free)

vm_info: OpenJDK 64-Bit Server VM (15.0.2+7-27) for bsd-amd64 JRE (15.0.2+7-27), built on Dec  7 2020 20:01:12 by "mach5one" with clang 4.2.1 Compatible Apple LLVM 10.0.0 (clang-1000.11.45.5)

END.
